INFO:sim:172 - Generating IP...
Resolving generics for 'RAM_core'...
Applying external generics to 'RAM_core'...
Delivering associated files for 'RAM_core'...
Delivering EJava files for 'RAM_core'...
Generating implementation netlist for 'RAM_core'...
INFO:sim - Pre-processing HDL files for 'RAM_core'...
Running synthesis for 'RAM_core'
Running ngcbuild...
Writing VEO instantiation template for 'RAM_core'...
Writing Verilog behavioral simulation model for 'RAM_core'...
WARNING:sim - Overwriting existing file
   /home/ise/brightnessControlBCM/ipcore_dir/tmp/_cg/RAM_core/doc/blk_mem_gen_v7
   _3_vinfo.html with file from view xilinx_documentation
Delivered 1 file into directory
/home/ise/brightnessControlBCM/ipcore_dir/tmp/_cg/RAM_core
Generating ASY schematic symbol...
INFO:sim:949 - Finished generation of ASY schematic symbol.
Generating SYM schematic symbol for 'RAM_core'...
Generating metadata file...
Generating ISE project file for 'RAM_core'...
Generating ISE project...
XCO file found: RAM_core.xco
XMDF file found: RAM_core_xmdf.tcl
Adding /home/ise/brightnessControlBCM/ipcore_dir/tmp/_cg/RAM_core.asy -view all
-origin_type imported
Adding /home/ise/brightnessControlBCM/ipcore_dir/tmp/_cg/RAM_core.ngc -view all
-origin_type created
Checking file "/home/ise/brightnessControlBCM/ipcore_dir/tmp/_cg/RAM_core.ngc"
for project device match ...
File "/home/ise/brightnessControlBCM/ipcore_dir/tmp/_cg/RAM_core.ngc" device
information matches project device.
Adding /home/ise/brightnessControlBCM/ipcore_dir/tmp/_cg/RAM_core.sym -view all
-origin_type imported
Adding /home/ise/brightnessControlBCM/ipcore_dir/tmp/_cg/RAM_core.v -view all
-origin_type created
INFO:HDLCompiler:1845 - Analyzing Verilog file
   "/home/ise/brightnessControlBCM/ipcore_dir/tmp/_cg/RAM_core.v" into library
   work
INFO:ProjectMgmt - Parsing design hierarchy completed successfully.
Adding /home/ise/brightnessControlBCM/ipcore_dir/tmp/_cg/RAM_core.veo -view all
-origin_type imported
INFO:TclTasksC:2116 - The automatic calculation of top has been turned-off.
   Please set the new top explicitly by running the "project set top" command.
   To re-calculate the new top automatically, set the "Auto Implementation Top"
   property to true.
Top level has been set to "/RAM_core"
Generating README file...
Generating FLIST file...
INFO:sim:948 - Finished FLIST file generation.
Launching README viewer...
Moving files to output directory...
Finished moving files to output directory
Wrote CGP file for project 'RAM_core'.
