Release 14.7 - xst P.20131013 (lin64)
Copyright (c) 1995-2013 Xilinx, Inc.  All rights reserved.
--> 
Parameter TMPDIR set to xst/projnav.tmp


Total REAL time to Xst completion: 0.00 secs
Total CPU time to Xst completion: 0.00 secs
 
--> 
Parameter xsthdpdir set to xst


Total REAL time to Xst completion: 0.00 secs
Total CPU time to Xst completion: 0.00 secs
 
--> 
Reading design: pointerRegister.prj

TABLE OF CONTENTS
  1) Synthesis Options Summary
  2) HDL Parsing
  3) HDL Elaboration
  4) HDL Synthesis
       4.1) HDL Synthesis Report
  5) Advanced HDL Synthesis
       5.1) Advanced HDL Synthesis Report
  6) Low Level Synthesis
  7) Partition Report
  8) Design Summary
       8.1) Primitive and Black Box Usage
       8.2) Device utilization summary
       8.3) Partition Resource Summary
       8.4) Timing Report
            8.4.1) Clock Information
            8.4.2) Asynchronous Control Signals Information
            8.4.3) Timing Summary
            8.4.4) Timing Details
            8.4.5) Cross Clock Domains Report


=========================================================================
*                      Synthesis Options Summary                        *
=========================================================================
---- Source Parameters
Input File Name                    : "pointerRegister.prj"
Ignore Synthesis Constraint File   : NO

---- Target Parameters
Output File Name                   : "pointerRegister"
Output Format                      : NGC
Target Device                      : xc6slx9-3-tqg144

---- Source Options
Top Module Name                    : pointerRegister
Automatic FSM Extraction           : YES
FSM Encoding Algorithm             : Auto
Safe Implementation                : No
FSM Style                          : LUT
RAM Extraction                     : Yes
RAM Style                          : Auto
ROM Extraction                     : Yes
Shift Register Extraction          : YES
ROM Style                          : Auto
Resource Sharing                   : YES
Asynchronous To Synchronous        : NO
Shift Register Minimum Size        : 2
Use DSP Block                      : Auto
Automatic Register Balancing       : No

---- Target Options
LUT Combining                      : Auto
Reduce Control Sets                : Auto
Add IO Buffers                     : YES
Global Maximum Fanout              : 100000
Add Generic Clock Buffer(BUFG)     : 16
Register Duplication               : YES
Optimize Instantiated Primitives   : NO
Use Clock Enable                   : Auto
Use Synchronous Set                : Auto
Use Synchronous Reset              : Auto
Pack IO Registers into IOBs        : Auto
Equivalent register Removal        : YES

---- General Options
Optimization Goal                  : Speed
Optimization Effort                : 1
Power Reduction                    : NO
Keep Hierarchy                     : No
Netlist Hierarchy                  : As_Optimized
RTL Output                         : Yes
Global Optimization                : AllClockNets
Read Cores                         : YES
Write Timing Constraints           : NO
Cross Clock Analysis               : NO
Hierarchy Separator                : /
Bus Delimiter                      : <>
Case Specifier                     : Maintain
Slice Utilization Ratio            : 100
BRAM Utilization Ratio             : 100
DSP48 Utilization Ratio            : 100
Auto BRAM Packing                  : NO
Slice Utilization Ratio Delta      : 5

---- Other Options
Cores Search Directories           : {"ipcore_dir"  }

=========================================================================


=========================================================================
*                          HDL Parsing                                  *
=========================================================================
Analyzing Verilog file "/home/ise/Shared-Directory-ISE/Brightness_control_bcm/pointerRegister.v" into library work
Parsing module <pointerRegister>.

=========================================================================
*                            HDL Elaboration                            *
=========================================================================

Elaborating module <pointerRegister>.

=========================================================================
*                           HDL Synthesis                               *
=========================================================================

Synthesizing Unit <pointerRegister>.
    Related source file is "/home/ise/Shared-Directory-ISE/Brightness_control_bcm/pointerRegister.v".
    Found 7-bit register for signal <address>.
    Found 7-bit adder for signal <address[6]_GND_1_o_add_1_OUT> created at line 28.
    Summary:
	inferred   1 Adder/Subtractor(s).
	inferred   7 D-type flip-flop(s).
Unit <pointerRegister> synthesized.

=========================================================================
HDL Synthesis Report

Macro Statistics
# Adders/Subtractors                                   : 1
 7-bit adder                                           : 1
# Registers                                            : 1
 7-bit register                                        : 1

=========================================================================

=========================================================================
*                       Advanced HDL Synthesis                          *
=========================================================================


Synthesizing (advanced) Unit <pointerRegister>.
The following registers are absorbed into counter <address>: 1 register on signal <address>.
Unit <pointerRegister> synthesized (advanced).

=========================================================================
Advanced HDL Synthesis Report

Macro Statistics
# Counters                                             : 1
 7-bit up counter                                      : 1

=========================================================================

=========================================================================
*                         Low Level Synthesis                           *
=========================================================================

Optimizing unit <pointerRegister> ...

Mapping all equations...
Building and optimizing final netlist ...
Found area constraint ratio of 100 (+ 5) on block pointerRegister, actual ratio is 0.

Final Macro Processing ...

=========================================================================
Final Register Report

Macro Statistics
# Registers                                            : 7
 Flip-Flops                                            : 7

=========================================================================

=========================================================================
*                           Partition Report                            *
=========================================================================

Partition Implementation Status
-------------------------------

  No Partitions were found in this design.

-------------------------------

=========================================================================
*                            Design Summary                             *
=========================================================================

Top Level Output File Name         : pointerRegister.ngc

Primitive and Black Box Usage:
------------------------------
# BELS                             : 8
#      INV                         : 1
#      LUT2                        : 1
#      LUT3                        : 2
#      LUT4                        : 1
#      LUT5                        : 2
#      LUT6                        : 1
# FlipFlops/Latches                : 7
#      FD                          : 7
# Clock Buffers                    : 1
#      BUFGP                       : 1
# IO Buffers                       : 7
#      OBUF                        : 7

Device utilization summary:
---------------------------

Selected Device : 6slx9tqg144-3 


Slice Logic Utilization: 
 Number of Slice Registers:               7  out of  11440     0%  
 Number of Slice LUTs:                    8  out of   5720     0%  
    Number used as Logic:                 8  out of   5720     0%  

Slice Logic Distribution: 
 Number of LUT Flip Flop pairs used:     15
   Number with an unused Flip Flop:       8  out of     15    53%  
   Number with an unused LUT:             7  out of     15    46%  
   Number of fully used LUT-FF pairs:     0  out of     15     0%  
   Number of unique control sets:         1

IO Utilization: 
 Number of IOs:                           8
 Number of bonded IOBs:                   8  out of    102     7%  

Specific Feature Utilization:
 Number of BUFG/BUFGCTRLs:                1  out of     16     6%  

---------------------------
Partition Resource Summary:
---------------------------

  No Partitions were found in this design.

---------------------------


=========================================================================
Timing Report

NOTE: THESE TIMING NUMBERS ARE ONLY A SYNTHESIS ESTIMATE.
      FOR ACCURATE TIMING INFORMATION PLEASE REFER TO THE TRACE REPORT
      GENERATED AFTER PLACE-and-ROUTE.

Clock Information:
------------------
-----------------------------------+------------------------+-------+
Clock Signal                       | Clock buffer(FF name)  | Load  |
-----------------------------------+------------------------+-------+
operation_dn                       | BUFGP                  | 7     |
-----------------------------------+------------------------+-------+

Asynchronous Control Signals Information:
----------------------------------------
No asynchronous control signals found in this design

Timing Summary:
---------------
Speed Grade: -3

   Minimum period: 2.564ns (Maximum Frequency: 389.955MHz)
   Minimum input arrival time before clock: No path found
   Maximum output required time after clock: 3.820ns
   Maximum combinational path delay: No path found

Timing Details:
---------------
All values displayed in nanoseconds (ns)

=========================================================================
Timing constraint: Default period analysis for Clock 'operation_dn'
  Clock period: 2.564ns (frequency: 389.955MHz)
  Total number of paths / destination ports: 28 / 7
-------------------------------------------------------------------------
Delay:               2.564ns (Levels of Logic = 2)
  Source:            address_4 (FF)
  Destination:       address_6 (FF)
  Source Clock:      operation_dn rising
  Destination Clock: operation_dn rising

  Data Path: address_4 to address_6
                                Gate     Net
    Cell:in->out      fanout   Delay   Delay  Logical Name (Net Name)
    ----------------------------------------  ------------
     FD:C->Q               4   0.447   1.028  address_4 (address_4)
     LUT5:I0->O            1   0.203   0.580  Mcount_address_cy<4>11 (Mcount_address_cy<4>)
     LUT3:I2->O            1   0.205   0.000  Mcount_address_xor<6>11 (Result<6>)
     FD:D                      0.102          address_6
    ----------------------------------------
    Total                      2.564ns (0.957ns logic, 1.607ns route)
                                       (37.3% logic, 62.7% route)

=========================================================================
Timing constraint: Default OFFSET OUT AFTER for Clock 'operation_dn'
  Total number of paths / destination ports: 7 / 7
-------------------------------------------------------------------------
Offset:              3.820ns (Levels of Logic = 1)
  Source:            address_0 (FF)
  Destination:       address<0> (PAD)
  Source Clock:      operation_dn rising

  Data Path: address_0 to address<0>
                                Gate     Net
    Cell:in->out      fanout   Delay   Delay  Logical Name (Net Name)
    ----------------------------------------  ------------
     FD:C->Q               8   0.447   0.802  address_0 (address_0)
     OBUF:I->O                 2.571          address_0_OBUF (address<0>)
    ----------------------------------------
    Total                      3.820ns (3.018ns logic, 0.802ns route)
                                       (79.0% logic, 21.0% route)

=========================================================================

Cross Clock Domains Report:
--------------------------

Clock to Setup on destination clock operation_dn
---------------+---------+---------+---------+---------+
               | Src:Rise| Src:Fall| Src:Rise| Src:Fall|
Source Clock   |Dest:Rise|Dest:Rise|Dest:Fall|Dest:Fall|
---------------+---------+---------+---------+---------+
operation_dn   |    2.564|         |         |         |
---------------+---------+---------+---------+---------+

=========================================================================


Total REAL time to Xst completion: 3.00 secs
Total CPU time to Xst completion: 0.55 secs
 
--> 


Total memory usage is 482356 kilobytes

Number of errors   :    0 (   0 filtered)
Number of warnings :    0 (   0 filtered)
Number of infos    :    0 (   0 filtered)

