Command line:
   pointerTB_isim_beh.exe
     -simmode  gui
     -simrunnum  0
     -socket  49955

Wed Feb 19 19:28:56 2025


 Elaboration Time: 0 sec

 Current Memory Usage: 197.026 Meg

 Total Signals          : 16
 Total Nets             : 21
 Total Signal Drivers   : 7
 Total Blocks           : 3
 Total Primitive Blocks : 2
 Total Processes        : 12
 Total Traceable Variables  : 21
 Total Scalar Nets and Variables : 109
Total Line Count : 45

 Total Simulation Time: 0.04 sec

 Current Memory Usage: 272.527 Meg

Wed Feb 19 19:50:03 2025

